C:\Users\Filip\source\repos\InternshipProject\InternshipProject\Client\app\app.component.js
C:\Users\Filip\source\repos\InternshipProject\InternshipProject\Client\app\app.component.js.map
C:\Users\Filip\source\repos\InternshipProject\InternshipProject\Client\app\Library\library.js
C:\Users\Filip\source\repos\InternshipProject\InternshipProject\Client\app\Library\library.js.map
C:\Users\Filip\source\repos\InternshipProject\InternshipProject\Client\app\Services\Library\LibraryService.js
C:\Users\Filip\source\repos\InternshipProject\InternshipProject\Client\app\Services\Library\LibraryService.js.map
C:\Users\Filip\source\repos\InternshipProject\InternshipProject\Client\app\Library\library.component.js
C:\Users\Filip\source\repos\InternshipProject\InternshipProject\Client\app\Library\library.component.js.map
C:\Users\Filip\source\repos\InternshipProject\InternshipProject\Client\app\Publishers\publisher.js
C:\Users\Filip\source\repos\InternshipProject\InternshipProject\Client\app\Publishers\publisher.js.map
C:\Users\Filip\source\repos\InternshipProject\InternshipProject\Client\app\Book\book.js
C:\Users\Filip\source\repos\InternshipProject\InternshipProject\Client\app\Book\book.js.map
C:\Users\Filip\source\repos\InternshipProject\InternshipProject\Client\app\Services\Book\BookService.js
C:\Users\Filip\source\repos\InternshipProject\InternshipProject\Client\app\Services\Book\BookService.js.map
C:\Users\Filip\source\repos\InternshipProject\InternshipProject\Client\app\Services\Publisher\PublisherService.js
C:\Users\Filip\source\repos\InternshipProject\InternshipProject\Client\app\Services\Publisher\PublisherService.js.map
C:\Users\Filip\source\repos\InternshipProject\InternshipProject\Client\app\Book\book.component.js
C:\Users\Filip\source\repos\InternshipProject\InternshipProject\Client\app\Book\book.component.js.map
C:\Users\Filip\source\repos\InternshipProject\InternshipProject\Client\app\Publishers\publisher.component.js
C:\Users\Filip\source\repos\InternshipProject\InternshipProject\Client\app\Publishers\publisher.component.js.map
C:\Users\Filip\source\repos\InternshipProject\InternshipProject\Client\app\BookCopies\bookCopies.js
C:\Users\Filip\source\repos\InternshipProject\InternshipProject\Client\app\BookCopies\bookCopies.js.map
C:\Users\Filip\source\repos\InternshipProject\InternshipProject\Client\app\Services\BookCopies\BookCopiesService.js
C:\Users\Filip\source\repos\InternshipProject\InternshipProject\Client\app\Services\BookCopies\BookCopiesService.js.map
C:\Users\Filip\source\repos\InternshipProject\InternshipProject\Client\app\BookCopies\bookCopies.component.js
C:\Users\Filip\source\repos\InternshipProject\InternshipProject\Client\app\BookCopies\bookCopies.component.js.map
C:\Users\Filip\source\repos\InternshipProject\InternshipProject\Client\app\Clients\client.js
C:\Users\Filip\source\repos\InternshipProject\InternshipProject\Client\app\Clients\client.js.map
C:\Users\Filip\source\repos\InternshipProject\InternshipProject\Client\app\Services\Client\ClientService.js
C:\Users\Filip\source\repos\InternshipProject\InternshipProject\Client\app\Services\Client\ClientService.js.map
C:\Users\Filip\source\repos\InternshipProject\InternshipProject\Client\app\Clients\client.component.js
C:\Users\Filip\source\repos\InternshipProject\InternshipProject\Client\app\Clients\client.component.js.map
C:\Users\Filip\source\repos\InternshipProject\InternshipProject\Client\app\Lendings\lending.js
C:\Users\Filip\source\repos\InternshipProject\InternshipProject\Client\app\Lendings\lending.js.map
C:\Users\Filip\source\repos\InternshipProject\InternshipProject\Client\app\Services\Lendings\LendingService.js
C:\Users\Filip\source\repos\InternshipProject\InternshipProject\Client\app\Services\Lendings\LendingService.js.map
C:\Users\Filip\source\repos\InternshipProject\InternshipProject\Client\app\Lendings\lending.component.js
C:\Users\Filip\source\repos\InternshipProject\InternshipProject\Client\app\Lendings\lending.component.js.map
C:\Users\Filip\source\repos\InternshipProject\InternshipProject\Client\app\Lendings\Edit\edit.component.js
C:\Users\Filip\source\repos\InternshipProject\InternshipProject\Client\app\Lendings\Edit\edit.component.js.map
C:\Users\Filip\source\repos\InternshipProject\InternshipProject\Client\app\Library\Edit\edit.component.js
C:\Users\Filip\source\repos\InternshipProject\InternshipProject\Client\app\Library\Edit\edit.component.js.map
C:\Users\Filip\source\repos\InternshipProject\InternshipProject\Client\app\Publishers\Edit\edit.component.js
C:\Users\Filip\source\repos\InternshipProject\InternshipProject\Client\app\Publishers\Edit\edit.component.js.map
C:\Users\Filip\source\repos\InternshipProject\InternshipProject\Client\app\Clients\Edit\edit.component.js
C:\Users\Filip\source\repos\InternshipProject\InternshipProject\Client\app\Clients\Edit\edit.component.js.map
C:\Users\Filip\source\repos\InternshipProject\InternshipProject\Client\app\BookCopies\Edit\edit.component.js
C:\Users\Filip\source\repos\InternshipProject\InternshipProject\Client\app\BookCopies\Edit\edit.component.js.map
C:\Users\Filip\source\repos\InternshipProject\InternshipProject\Client\app\Book\Edit\edit.component.js
C:\Users\Filip\source\repos\InternshipProject\InternshipProject\Client\app\Book\Edit\edit.component.js.map
C:\Users\Filip\source\repos\InternshipProject\InternshipProject\Client\app\app.routing.js
C:\Users\Filip\source\repos\InternshipProject\InternshipProject\Client\app\app.routing.js.map
C:\Users\Filip\source\repos\InternshipProject\InternshipProject\Client\app\app.module.js
C:\Users\Filip\source\repos\InternshipProject\InternshipProject\Client\app\app.module.js.map
C:\Users\Filip\source\repos\InternshipProject\InternshipProject\Client\main.js
C:\Users\Filip\source\repos\InternshipProject\InternshipProject\Client\main.js.map
